{"D:\\S.E\\Software-Eng-proj\\app.js": {"path":"D:\\S.E\\Software-Eng-proj\\app.js","statementMap":{"0":{"start":{"line":8,"column":2},"end":{"line":8,"column":39}},"1":{"start":{"line":14,"column":19},"end":{"line":14,"column":44}},"2":{"start":{"line":15,"column":20},"end":{"line":15,"column":46}},"3":{"start":{"line":16,"column":18},"end":{"line":16,"column":42}},"4":{"start":{"line":17,"column":22},"end":{"line":17,"column":48}},"5":{"start":{"line":27,"column":20},"end":{"line":29,"column":1}},"6":{"start":{"line":28,"column":2},"end":{"line":28,"column":47}},"7":{"start":{"line":32,"column":0},"end":{"line":32,"column":53}},"8":{"start":{"line":33,"column":0},"end":{"line":33,"column":43}},"9":{"start":{"line":34,"column":0},"end":{"line":34,"column":44}},"10":{"start":{"line":35,"column":0},"end":{"line":35,"column":48}},"11":{"start":{"line":46,"column":2},"end":{"line":46,"column":21}},"12":{"start":{"line":49,"column":4},"end":{"line":82,"column":6}},"13":{"start":{"line":51,"column":22},"end":{"line":51,"column":50}},"14":{"start":{"line":52,"column":22},"end":{"line":52,"column":51}},"15":{"start":{"line":53,"column":6},"end":{"line":53,"column":36}},"16":{"start":{"line":56,"column":6},"end":{"line":56,"column":42}},"17":{"start":{"line":57,"column":7},"end":{"line":57,"column":39}},"18":{"start":{"line":58,"column":7},"end":{"line":58,"column":42}},"19":{"start":{"line":59,"column":7},"end":{"line":59,"column":36}},"20":{"start":{"line":60,"column":7},"end":{"line":60,"column":28}},"21":{"start":{"line":63,"column":31},"end":{"line":63,"column":63}},"22":{"start":{"line":64,"column":7},"end":{"line":64,"column":66}},"23":{"start":{"line":65,"column":7},"end":{"line":65,"column":53}},"24":{"start":{"line":66,"column":7},"end":{"line":66,"column":44}},"25":{"start":{"line":69,"column":27},"end":{"line":69,"column":59}},"26":{"start":{"line":70,"column":7},"end":{"line":70,"column":62}},"27":{"start":{"line":71,"column":7},"end":{"line":71,"column":46}},"28":{"start":{"line":72,"column":7},"end":{"line":72,"column":40}},"29":{"start":{"line":75,"column":7},"end":{"line":75,"column":37}},"30":{"start":{"line":81,"column":6},"end":{"line":81,"column":39}},"31":{"start":{"line":91,"column":15},"end":{"line":91,"column":23}},"32":{"start":{"line":93,"column":2},"end":{"line":104,"column":3}},"33":{"start":{"line":96,"column":17},"end":{"line":96,"column":35}},"34":{"start":{"line":97,"column":4},"end":{"line":97,"column":31}},"35":{"start":{"line":100,"column":4},"end":{"line":100,"column":27}},"36":{"start":{"line":101,"column":4},"end":{"line":103,"column":7}},"37":{"start":{"line":102,"column":6},"end":{"line":102,"column":20}},"38":{"start":{"line":105,"column":2},"end":{"line":109,"column":3}},"39":{"start":{"line":106,"column":17},"end":{"line":106,"column":35}},"40":{"start":{"line":107,"column":4},"end":{"line":107,"column":39}},"41":{"start":{"line":108,"column":4},"end":{"line":108,"column":22}},"42":{"start":{"line":120,"column":16},"end":{"line":120,"column":35}},"43":{"start":{"line":121,"column":4},"end":{"line":140,"column":7}},"44":{"start":{"line":122,"column":6},"end":{"line":139,"column":7}},"45":{"start":{"line":124,"column":10},"end":{"line":124,"column":38}},"46":{"start":{"line":125,"column":10},"end":{"line":125,"column":16}},"47":{"start":{"line":127,"column":10},"end":{"line":131,"column":11}},"48":{"start":{"line":128,"column":12},"end":{"line":128,"column":40}},"49":{"start":{"line":130,"column":12},"end":{"line":130,"column":40}},"50":{"start":{"line":132,"column":10},"end":{"line":132,"column":16}},"51":{"start":{"line":134,"column":10},"end":{"line":138,"column":11}},"52":{"start":{"line":135,"column":12},"end":{"line":135,"column":40}},"53":{"start":{"line":137,"column":12},"end":{"line":137,"column":40}},"54":{"start":{"line":148,"column":2},"end":{"line":152,"column":3}},"55":{"start":{"line":149,"column":4},"end":{"line":149,"column":15}},"56":{"start":{"line":151,"column":4},"end":{"line":151,"column":54}},"57":{"start":{"line":153,"column":2},"end":{"line":153,"column":19}},"58":{"start":{"line":154,"column":2},"end":{"line":154,"column":55}},"59":{"start":{"line":158,"column":2},"end":{"line":162,"column":3}},"60":{"start":{"line":159,"column":4},"end":{"line":159,"column":15}},"61":{"start":{"line":161,"column":4},"end":{"line":161,"column":54}},"62":{"start":{"line":163,"column":20},"end":{"line":163,"column":46}},"63":{"start":{"line":164,"column":2},"end":{"line":164,"column":44}},"64":{"start":{"line":165,"column":2},"end":{"line":165,"column":55}},"65":{"start":{"line":172,"column":2},"end":{"line":176,"column":3}},"66":{"start":{"line":173,"column":4},"end":{"line":173,"column":15}},"67":{"start":{"line":175,"column":4},"end":{"line":175,"column":54}},"68":{"start":{"line":180,"column":6},"end":{"line":207,"column":5}},"69":{"start":{"line":183,"column":20},"end":{"line":183,"column":49}},"70":{"start":{"line":184,"column":4},"end":{"line":184,"column":34}},"71":{"start":{"line":187,"column":20},"end":{"line":187,"column":48}},"72":{"start":{"line":188,"column":4},"end":{"line":188,"column":29}},"73":{"start":{"line":189,"column":4},"end":{"line":189,"column":39}},"74":{"start":{"line":190,"column":4},"end":{"line":190,"column":33}},"75":{"start":{"line":191,"column":4},"end":{"line":191,"column":25}},"76":{"start":{"line":194,"column":28},"end":{"line":194,"column":60}},"77":{"start":{"line":195,"column":4},"end":{"line":195,"column":63}},"78":{"start":{"line":196,"column":4},"end":{"line":196,"column":50}},"79":{"start":{"line":197,"column":4},"end":{"line":197,"column":41}},"80":{"start":{"line":200,"column":24},"end":{"line":200,"column":56}},"81":{"start":{"line":201,"column":4},"end":{"line":201,"column":59}},"82":{"start":{"line":202,"column":4},"end":{"line":202,"column":43}},"83":{"start":{"line":203,"column":4},"end":{"line":203,"column":37}},"84":{"start":{"line":206,"column":4},"end":{"line":206,"column":34}}},"fnMap":{"0":{"name":"getElement","decl":{"start":{"line":6,"column":9},"end":{"line":6,"column":19}},"loc":{"start":{"line":6,"column":27},"end":{"line":10,"column":2}},"line":6},"1":{"name":"(anonymous_1)","decl":{"start":{"line":27,"column":20},"end":{"line":27,"column":21}},"loc":{"start":{"line":27,"column":44},"end":{"line":29,"column":1}},"line":27},"2":{"name":"addTodo","decl":{"start":{"line":43,"column":9},"end":{"line":43,"column":16}},"loc":{"start":{"line":43,"column":20},"end":{"line":85,"column":1}},"line":43},"3":{"name":"deleteTodo","decl":{"start":{"line":90,"column":9},"end":{"line":90,"column":19}},"loc":{"start":{"line":90,"column":23},"end":{"line":110,"column":1}},"line":90},"4":{"name":"(anonymous_4)","decl":{"start":{"line":101,"column":43},"end":{"line":101,"column":44}},"loc":{"start":{"line":101,"column":48},"end":{"line":103,"column":5}},"line":101},"5":{"name":"filterTodo","decl":{"start":{"line":119,"column":9},"end":{"line":119,"column":19}},"loc":{"start":{"line":119,"column":23},"end":{"line":142,"column":1}},"line":119},"6":{"name":"(anonymous_6)","decl":{"start":{"line":121,"column":18},"end":{"line":121,"column":19}},"loc":{"start":{"line":121,"column":33},"end":{"line":140,"column":5}},"line":121},"7":{"name":"saveLocalTodos","decl":{"start":{"line":146,"column":9},"end":{"line":146,"column":23}},"loc":{"start":{"line":146,"column":30},"end":{"line":155,"column":1}},"line":146},"8":{"name":"removeLocalTodos","decl":{"start":{"line":156,"column":9},"end":{"line":156,"column":25}},"loc":{"start":{"line":156,"column":32},"end":{"line":166,"column":1}},"line":156},"9":{"name":"getTodos","decl":{"start":{"line":170,"column":9},"end":{"line":170,"column":17}},"loc":{"start":{"line":170,"column":20},"end":{"line":208,"column":1}},"line":170},"10":{"name":"(anonymous_10)","decl":{"start":{"line":180,"column":16},"end":{"line":180,"column":17}},"loc":{"start":{"line":180,"column":24},"end":{"line":207,"column":3}},"line":180}},"branchMap":{"0":{"loc":{"start":{"line":49,"column":4},"end":{"line":82,"column":6}},"type":"if","locations":[{"start":{"line":49,"column":4},"end":{"line":82,"column":6}},{"start":{"line":49,"column":4},"end":{"line":82,"column":6}}],"line":49},"1":{"loc":{"start":{"line":93,"column":2},"end":{"line":104,"column":3}},"type":"if","locations":[{"start":{"line":93,"column":2},"end":{"line":104,"column":3}},{"start":{"line":93,"column":2},"end":{"line":104,"column":3}}],"line":93},"2":{"loc":{"start":{"line":105,"column":2},"end":{"line":109,"column":3}},"type":"if","locations":[{"start":{"line":105,"column":2},"end":{"line":109,"column":3}},{"start":{"line":105,"column":2},"end":{"line":109,"column":3}}],"line":105},"3":{"loc":{"start":{"line":122,"column":6},"end":{"line":139,"column":7}},"type":"switch","locations":[{"start":{"line":123,"column":8},"end":{"line":125,"column":16}},{"start":{"line":126,"column":8},"end":{"line":132,"column":16}},{"start":{"line":133,"column":8},"end":{"line":138,"column":11}}],"line":122},"4":{"loc":{"start":{"line":127,"column":10},"end":{"line":131,"column":11}},"type":"if","locations":[{"start":{"line":127,"column":10},"end":{"line":131,"column":11}},{"start":{"line":127,"column":10},"end":{"line":131,"column":11}}],"line":127},"5":{"loc":{"start":{"line":134,"column":10},"end":{"line":138,"column":11}},"type":"if","locations":[{"start":{"line":134,"column":10},"end":{"line":138,"column":11}},{"start":{"line":134,"column":10},"end":{"line":138,"column":11}}],"line":134},"6":{"loc":{"start":{"line":148,"column":2},"end":{"line":152,"column":3}},"type":"if","locations":[{"start":{"line":148,"column":2},"end":{"line":152,"column":3}},{"start":{"line":148,"column":2},"end":{"line":152,"column":3}}],"line":148},"7":{"loc":{"start":{"line":158,"column":2},"end":{"line":162,"column":3}},"type":"if","locations":[{"start":{"line":158,"column":2},"end":{"line":162,"column":3}},{"start":{"line":158,"column":2},"end":{"line":162,"column":3}}],"line":158},"8":{"loc":{"start":{"line":172,"column":2},"end":{"line":176,"column":3}},"type":"if","locations":[{"start":{"line":172,"column":2},"end":{"line":176,"column":3}},{"start":{"line":172,"column":2},"end":{"line":176,"column":3}}],"line":172}},"s":{"0":4,"1":1,"2":1,"3":1,"4":1,"5":1,"6":4,"7":1,"8":1,"9":1,"10":1,"11":1,"12":1,"13":1,"14":1,"15":1,"16":1,"17":1,"18":1,"19":1,"20":1,"21":1,"22":1,"23":1,"24":1,"25":1,"26":1,"27":1,"28":1,"29":1,"30":0,"31":1,"32":1,"33":1,"34":1,"35":1,"36":1,"37":0,"38":1,"39":0,"40":0,"41":0,"42":3,"43":3,"44":3,"45":1,"46":1,"47":1,"48":0,"49":1,"50":1,"51":1,"52":1,"53":0,"54":1,"55":1,"56":0,"57":1,"58":1,"59":1,"60":0,"61":1,"62":1,"63":1,"64":1,"65":0,"66":0,"67":0,"68":0,"69":0,"70":0,"71":0,"72":0,"73":0,"74":0,"75":0,"76":0,"77":0,"78":0,"79":0,"80":0,"81":0,"82":0,"83":0,"84":0},"f":{"0":4,"1":4,"2":1,"3":1,"4":0,"5":3,"6":3,"7":1,"8":1,"9":0,"10":0},"b":{"0":[1,0],"1":[1,0],"2":[0,1],"3":[1,1,1],"4":[0,1],"5":[1,0],"6":[1,0],"7":[0,1],"8":[0,0]},"_coverageSchema":"1a1c01bbd47fc00a2c39e90264f33305004495a9","hash":"b6de06dbc9aed0666fb0082db149b37290739604"}
}
