TN:
SF:app.js
FN:6,getElement
FN:27,(anonymous_1)
FN:43,addTodo
FN:90,deleteTodo
FN:101,(anonymous_4)
FN:119,filterTodo
FN:121,(anonymous_6)
FN:146,saveLocalTodos
FN:156,removeLocalTodos
FN:170,getTodos
FN:180,(anonymous_10)
FNF:11
FNH:8
FNDA:4,getElement
FNDA:4,(anonymous_1)
FNDA:1,addTodo
FNDA:1,deleteTodo
FNDA:0,(anonymous_4)
FNDA:3,filterTodo
FNDA:3,(anonymous_6)
FNDA:1,saveLocalTodos
FNDA:1,removeLocalTodos
FNDA:0,getTodos
FNDA:0,(anonymous_10)
DA:8,4
DA:14,1
DA:15,1
DA:16,1
DA:17,1
DA:27,1
DA:28,4
DA:32,1
DA:33,1
DA:34,1
DA:35,1
DA:46,1
DA:49,1
DA:51,1
DA:52,1
DA:53,1
DA:56,1
DA:57,1
DA:58,1
DA:59,1
DA:60,1
DA:63,1
DA:64,1
DA:65,1
DA:66,1
DA:69,1
DA:70,1
DA:71,1
DA:72,1
DA:75,1
DA:81,0
DA:91,1
DA:93,1
DA:96,1
DA:97,1
DA:100,1
DA:101,1
DA:102,0
DA:105,1
DA:106,0
DA:107,0
DA:108,0
DA:120,3
DA:121,3
DA:122,3
DA:124,1
DA:125,1
DA:127,1
DA:128,0
DA:130,1
DA:132,1
DA:134,1
DA:135,1
DA:137,0
DA:148,1
DA:149,1
DA:151,0
DA:153,1
DA:154,1
DA:158,1
DA:159,0
DA:161,1
DA:163,1
DA:164,1
DA:165,1
DA:172,0
DA:173,0
DA:175,0
DA:180,0
DA:183,0
DA:184,0
DA:187,0
DA:188,0
DA:189,0
DA:190,0
DA:191,0
DA:194,0
DA:195,0
DA:196,0
DA:197,0
DA:200,0
DA:201,0
DA:202,0
DA:203,0
DA:206,0
LF:85
LH:56
BRDA:49,0,0,1
BRDA:49,0,1,0
BRDA:93,1,0,1
BRDA:93,1,1,0
BRDA:105,2,0,0
BRDA:105,2,1,1
BRDA:122,3,0,1
BRDA:122,3,1,1
BRDA:122,3,2,1
BRDA:127,4,0,0
BRDA:127,4,1,1
BRDA:134,5,0,1
BRDA:134,5,1,0
BRDA:148,6,0,1
BRDA:148,6,1,0
BRDA:158,7,0,0
BRDA:158,7,1,1
BRDA:172,8,0,0
BRDA:172,8,1,0
BRF:19
BRH:10
end_of_record
